	im: get_inode 1
	im: inode not exist
	im: put_inode 1
FUSE library version: 2.9.4
unique: 1, opcode: INIT (26), nodeid: 0, insize: 56, pid: 0
INIT: 7.23
flags=0x0003fffb
max_readahead=0x00020000
   INIT: 7.19
   flags=0x00000000
   max_readahead=0x00020000
   max_write=0x00020000
   max_background=0
   congestion_threshold=0
   unique: 1, success, outsize: 40
unique: 2, opcode: LOOKUP (1), nodeid: 1, insize: 46, pid: 273
extent_server: get 1
	im: reading file 1
	im: get_inode 1
size: 0
	im: put_inode 1
   unique: 2, error: -2 (No such file or directory), outsize: 16
unique: 3, opcode: LOOKUP (1), nodeid: 1, insize: 46, pid: 273
extent_server: get 1
	im: reading file 1
	im: get_inode 1
size: 0
	im: put_inode 1
   unique: 3, error: -2 (No such file or directory), outsize: 16
unique: 4, opcode: LOOKUP (1), nodeid: 1, insize: 54, pid: 273
extent_server: get 1
	im: reading file 1
	im: get_inode 1
size: 0
	im: put_inode 1
   unique: 4, error: -2 (No such file or directory), outsize: 16
unique: 5, opcode: LOOKUP (1), nodeid: 1, insize: 54, pid: 273
extent_server: get 1
	im: reading file 1
	im: get_inode 1
size: 0
	im: put_inode 1
   unique: 5, error: -2 (No such file or directory), outsize: 16
unique: 6, opcode: LOOKUP (1), nodeid: 1, insize: 51, pid: 273
extent_server: get 1
	im: reading file 1
	im: get_inode 1
size: 0
	im: put_inode 1
   unique: 6, error: -2 (No such file or directory), outsize: 16
unique: 7, opcode: LOOKUP (1), nodeid: 1, insize: 51, pid: 273
extent_server: get 1
	im: reading file 1
	im: get_inode 1
size: 0
	im: put_inode 1
   unique: 7, error: -2 (No such file or directory), outsize: 16
unique: 8, opcode: LOOKUP (1), nodeid: 1, insize: 52, pid: 273
extent_server: get 1
	im: reading file 1
	im: get_inode 1
size: 0
	im: put_inode 1
   unique: 8, error: -2 (No such file or directory), outsize: 16
unique: 9, opcode: LOOKUP (1), nodeid: 1, insize: 52, pid: 273
extent_server: get 1
	im: reading file 1
	im: get_inode 1
size: 0
	im: put_inode 1
   unique: 9, error: -2 (No such file or directory), outsize: 16
unique: 10, opcode: LOOKUP (1), nodeid: 1, insize: 46, pid: 274
extent_server: get 1
	im: reading file 1
	im: get_inode 1
size: 0
	im: put_inode 1
   unique: 10, error: -2 (No such file or directory), outsize: 16
unique: 11, opcode: LOOKUP (1), nodeid: 1, insize: 46, pid: 274
extent_server: get 1
	im: reading file 1
	im: get_inode 1
size: 0
	im: put_inode 1
   unique: 11, error: -2 (No such file or directory), outsize: 16
unique: 12, opcode: SYMLINK (6), nodeid: 1, insize: 57, pid: 274
symlink
:link /etc/hosts
name hosts
extent_server: get 1
	im: reading file 1
	im: get_inode 1
size: 0
	im: put_inode 1
extent_server: create inode
	im: get_inode 1
	im: get_inode 2
	im: inode not exist
	im: put_inode 2
extent_server: get 1
	im: reading file 1
	im: get_inode 1
size: 0
	im: put_inode 1
	im: writing file 1
	im: get_inode 1
	im: put_inode 1
extent_server: get 2
	im: reading file 2
	im: get_inode 2
size: 0
	im: put_inode 2
	im: writing file 2
	im: get_inode 2
	im: put_inode 2
extent_server: getattr 0
	im: get_inode 0
	im: inode not exist
isfile: 0 is a dir
getattr 0000000000000000 0
extent_server: getattr 0
	im: get_inode 0
	im: inode not exist
isfile: 0 is a dir
getdir 0000000000000000
extent_server: getattr 0
	im: get_inode 0
	im: inode not exist
   getattr -> 0 0 0
   unique: 12, success, outsize: 144
unique: 13, opcode: LOOKUP (1), nodeid: 1, insize: 46, pid: 275
extent_server: get 1
	im: reading file 1
	im: get_inode 1
size: 8
	im: put_inode 1
extent_server: getattr 2
	im: get_inode 2
isfile: 2 is a dir
getattr 0000000000000002 0
extent_server: getattr 2
	im: get_inode 2
isfile: 2 is a dir
getdir 0000000000000002
extent_server: getattr 2
	im: get_inode 2
   getattr -> 1600944715 1600944715 1600944715
   unique: 13, success, outsize: 144
unique: 14, opcode: GETATTR (3), nodeid: 2, insize: 56, pid: 275
extent_server: getattr 2
	im: get_inode 2
isfile: 2 is a dir
getattr 0000000000000002 0
extent_server: getattr 2
	im: get_inode 2
isfile: 2 is a dir
getdir 0000000000000002
extent_server: getattr 2
	im: get_inode 2
   getattr -> 1600944715 1600944715 1600944715
   unique: 14, success, outsize: 120
unique: 15, opcode: LOOKUP (1), nodeid: 1, insize: 46, pid: 275
extent_server: get 1
	im: reading file 1
	im: get_inode 1
size: 8
	im: put_inode 1
extent_server: getattr 2
	im: get_inode 2
isfile: 2 is a dir
getattr 0000000000000002 0
extent_server: getattr 2
	im: get_inode 2
isfile: 2 is a dir
getdir 0000000000000002
extent_server: getattr 2
	im: get_inode 2
   getattr -> 1600944715 1600944715 1600944715
   unique: 15, success, outsize: 144
unique: 16, opcode: LOOKUP (1), nodeid: 2, insize: 46, pid: 275
extent_server: get 2
	im: reading file 2
	im: get_inode 2
size: 10
	im: put_inode 2
